<?xml version="1.0" encoding="UTF-8"?>
<!-- Generated by org.testng.reporters.JUnitXMLReporter -->
<testsuite ignored="0" hostname="LTIN546268" failures="0" tests="4" name="Test" time="17.165" errors="0" timestamp="2024-04-09T10:26:31 IST">
  <testcase classname="TestCase.TestCase_Edge" name="test1" time="3.233"/>
  <testcase classname="TestCase.TestCase_Edge" name="test2" time="0.262"/>
  <testcase classname="TestCase.TestCase_Chrome" name="test1" time="3.734"/>
  <testcase classname="TestCase.TestCase_Chrome" name="test2" time="0.255"/>
</testsuite> <!-- Test -->
