<?xml version="1.0" encoding="UTF-8"?>
<testng-results ignored="0" total="2" passed="2" failed="0" skipped="0">
  <reporter-output>
  </reporter-output>
  <suite started-at="2024-04-02T16:04:53 IST" name="Suite" finished-at="2024-04-02T16:05:19 IST" duration-ms="25964">
    <groups>
    </groups>
    <test started-at="2024-04-02T16:04:53 IST" name="Test" finished-at="2024-04-02T16:05:19 IST" duration-ms="25964">
      <class name="TestCase.TestCase_001">
        <test-method is-config="true" signature="setup()[pri:0, instance:TestCase.TestCase_001@2a4fb17b]" started-at="2024-04-02T16:04:55 IST" name="setup" finished-at="2024-04-02T16:05:06 IST" duration-ms="10383" status="PASS">
          <reporter-output>
          </reporter-output>
        </test-method> <!-- setup -->
        <test-method signature="test1_Search_By_Product_Name()[pri:0, instance:TestCase.TestCase_001@2a4fb17b]" started-at="2024-04-02T16:05:06 IST" name="test1_Search_By_Product_Name" finished-at="2024-04-02T16:05:11 IST" duration-ms="5171" status="PASS">
          <reporter-output>
          </reporter-output>
        </test-method> <!-- test1_Search_By_Product_Name -->
        <test-method signature="test2_Sort_Low_To_High_Price_And_Get_Product_With_Lowest_Price()[pri:1, instance:TestCase.TestCase_001@2a4fb17b]" started-at="2024-04-02T16:05:11 IST" name="test2_Sort_Low_To_High_Price_And_Get_Product_With_Lowest_Price" finished-at="2024-04-02T16:05:18 IST" duration-ms="7063" status="PASS">
          <reporter-output>
          </reporter-output>
        </test-method> <!-- test2_Sort_Low_To_High_Price_And_Get_Product_With_Lowest_Price -->
        <test-method is-config="true" signature="closeBrowser()[pri:0, instance:TestCase.TestCase_001@2a4fb17b]" started-at="2024-04-02T16:05:18 IST" name="closeBrowser" finished-at="2024-04-02T16:05:19 IST" duration-ms="1160" status="PASS">
          <reporter-output>
          </reporter-output>
        </test-method> <!-- closeBrowser -->
      </class> <!-- TestCase.TestCase_001 -->
    </test> <!-- Test -->
  </suite> <!-- Suite -->
</testng-results>
